<?xml version="1.0" encoding="UTF-8"?>
<!-- Generated by org.testng.reporters.JUnitReportReporter -->
<testsuite hostname="gnanendra-PC" name="newproject.test.Testcase" tests="1" failures="0" timestamp="6 Jul 2017 09:16:10 GMT" time="6.360" errors="0">
  <testcase name="Google_Tc" time="6.360" classname="newproject.test.Testcase"/>
</testsuite> <!-- newproject.test.Testcase -->
