<?xml version="1.0" encoding="UTF-8"?>
<!-- Generated by org.testng.reporters.JUnitReportReporter -->
<testsuite hostname="gnanendra-PC" name="newproject.test.TrailTest" tests="1" failures="0" timestamp="27 Jul 2017 04:21:57 GMT" time="0.111" errors="0">
  <testcase name="Wallet_LoginPage" time="0.111" classname="newproject.test.TrailTest"/>
</testsuite> <!-- newproject.test.TrailTest -->
